# JRE version: Java(TM) SE Runtime Environment (8.0_111-b14) (build 1.8.0_111-b14)
# Java VM: Java HotSpot(TM) 64-Bit Server VM (25.111-b14 mixed mode windows-amd64 compressed oops)
Heap:
 PSYoungGen      total 54272K, used 17315K [0x00000000d6780000, 0x00000000dca80000, 0x0000000100000000)
  eden space 25088K, 9% used [0x00000000d6780000,0x00000000d69f2cb8,0x00000000d8000000)
  from space 29184K, 50% used [0x00000000da280000,0x00000000db0f6158,0x00000000dbf00000)
  to   space 35328K, 0% used [0x00000000d8000000,0x00000000d8000000,0x00000000da280000)
 ParOldGen       total 86016K, used 85976K [0x0000000083600000, 0x0000000088a00000, 0x00000000d6780000)
  object space 86016K, 99% used [0x0000000083600000,0x00000000889f62a0,0x0000000088a00000)
 Metaspace       used 11669K, capacity 11942K, committed 12032K, reserved 1060864K
  class space    used 1383K, capacity 1479K, committed 1536K, reserved 1048576K
GC Heap History (10 events):
Event: 26.911 GC heap before
{Heap before GC invocations=5 (full 0):
 PSYoungGen      total 37888K, used 37872K [0x00000000d6780000, 0x00000000d9180000, 0x0000000100000000)
  eden space 32768K, 100% used [0x00000000d6780000,0x00000000d8780000,0x00000000d8780000)
  from space 5120K, 99% used [0x00000000d8c80000,0x00000000d917c020,0x00000000d9180000)
  to   space 5120K, 0% used [0x00000000d8780000,0x00000000d8780000,0x00000000d8c80000)
 ParOldGen       total 86016K, used 44094K [0x0000000083600000, 0x0000000088a00000, 0x00000000d6780000)
  object space 86016K, 51% used [0x0000000083600000,0x000000008610f820,0x0000000088a00000)
 Metaspace       used 11667K, capacity 11878K, committed 12032K, reserved 1060864K
  class space    used 1383K, capacity 1479K, committed 1536K, reserved 1048576K
Event: 26.941 GC heap after
Heap after GC invocations=5 (full 0):
 PSYoungGen      total 37376K, used 5088K [0x00000000d6780000, 0x00000000db300000, 0x0000000100000000)
  eden space 32256K, 0% used [0x00000000d6780000,0x00000000d6780000,0x00000000d8700000)
  from space 5120K, 99% used [0x00000000d8780000,0x00000000d8c78030,0x00000000d8c80000)
  to   space 22528K, 0% used [0x00000000d9d00000,0x00000000d9d00000,0x00000000db300000)
 ParOldGen       total 86016K, used 57423K [0x0000000083600000, 0x0000000088a00000, 0x00000000d6780000)
  object space 86016K, 66% used [0x0000000083600000,0x0000000086e13e18,0x0000000088a00000)
 Metaspace       used 11667K, capacity 11878K, committed 12032K, reserved 1060864K
  class space    used 1383K, capacity 1479K, committed 1536K, reserved 1048576K
}
Event: 34.667 GC heap before
{Heap before GC invocations=6 (full 0):
 PSYoungGen      total 37376K, used 37344K [0x00000000d6780000, 0x00000000db300000, 0x0000000100000000)
  eden space 32256K, 100% used [0x00000000d6780000,0x00000000d8700000,0x00000000d8700000)
  from space 5120K, 99% used [0x00000000d8780000,0x00000000d8c78030,0x00000000d8c80000)
  to   space 22528K, 0% used [0x00000000d9d00000,0x00000000d9d00000,0x00000000db300000)
 ParOldGen       total 86016K, used 57423K [0x0000000083600000, 0x0000000088a00000, 0x00000000d6780000)
  object space 86016K, 66% used [0x0000000083600000,0x0000000086e13e18,0x0000000088a00000)
 Metaspace       used 11669K, capacity 11942K, committed 12032K, reserved 1060864K
  class space    used 1383K, capacity 1479K, committed 1536K, reserved 1048576K
Event: 34.692 GC heap after
Heap after GC invocations=6 (full 0):
 PSYoungGen      total 53760K, used 18336K [0x00000000d6780000, 0x00000000db280000, 0x0000000100000000)
  eden space 31744K, 0% used [0x00000000d6780000,0x00000000d6780000,0x00000000d8680000)
  from space 22016K, 83% used [0x00000000d9d00000,0x00000000daee8040,0x00000000db280000)
  to   space 22528K, 0% used [0x00000000d8680000,0x00000000d8680000,0x00000000d9c80000)
 ParOldGen       total 86016K, used 57423K [0x0000000083600000, 0x0000000088a00000, 0x00000000d6780000)
  object space 86016K, 66% used [0x0000000083600000,0x0000000086e13e18,0x0000000088a00000)
 Metaspace       used 11669K, capacity 11942K, committed 12032K, reserved 1060864K
  class space    used 1383K, capacity 1479K, committed 1536K, reserved 1048576K
}
Event: 43.424 GC heap before
{Heap before GC invocations=7 (full 0):
 PSYoungGen      total 53760K, used 50080K [0x00000000d6780000, 0x00000000db280000, 0x0000000100000000)
  eden space 31744K, 100% used [0x00000000d6780000,0x00000000d8680000,0x00000000d8680000)
  from space 22016K, 83% used [0x00000000d9d00000,0x00000000daee8040,0x00000000db280000)
  to   space 22528K, 0% used [0x00000000d8680000,0x00000000d8680000,0x00000000d9c80000)
 ParOldGen       total 86016K, used 57423K [0x0000000083600000, 0x0000000088a00000, 0x00000000d6780000)
  object space 86016K, 66% used [0x0000000083600000,0x0000000086e13e18,0x0000000088a00000)
 Metaspace       used 11669K, capacity 11942K, committed 12032K, reserved 1060864K
  class space    used 1383K, capacity 1479K, committed 1536K, reserved 1048576K
Event: 43.460 GC heap after
Heap after GC invocations=7 (full 0):
 PSYoungGen      total 53760K, used 22496K [0x00000000d6780000, 0x00000000dbf00000, 0x0000000100000000)
  eden space 31232K, 0% used [0x00000000d6780000,0x00000000d6780000,0x00000000d8600000)
  from space 22528K, 99% used [0x00000000d8680000,0x00000000d9c78020,0x00000000d9c80000)
  to   space 29184K, 0% used [0x00000000da280000,0x00000000da280000,0x00000000dbf00000)
 ParOldGen       total 86016K, used 66215K [0x0000000083600000, 0x0000000088a00000, 0x00000000d6780000)
  object space 86016K, 76% used [0x0000000083600000,0x00000000876a9dc0,0x0000000088a00000)
 Metaspace       used 11669K, capacity 11942K, committed 12032K, reserved 1060864K
  class space    used 1383K, capacity 1479K, committed 1536K, reserved 1048576K
}
Event: 53.296 GC heap before
{Heap before GC invocations=8 (full 0):
 PSYoungGen      total 53760K, used 53728K [0x00000000d6780000, 0x00000000dbf00000, 0x0000000100000000)
  eden space 31232K, 100% used [0x00000000d6780000,0x00000000d8600000,0x00000000d8600000)
  from space 22528K, 99% used [0x00000000d8680000,0x00000000d9c78020,0x00000000d9c80000)
  to   space 29184K, 0% used [0x00000000da280000,0x00000000da280000,0x00000000dbf00000)
 ParOldGen       total 86016K, used 66215K [0x0000000083600000, 0x0000000088a00000, 0x00000000d6780000)
  object space 86016K, 76% used [0x0000000083600000,0x00000000876a9dc0,0x0000000088a00000)
 Metaspace       used 11669K, capacity 11942K, committed 12032K, reserved 1060864K
  class space    used 1383K, capacity 1479K, committed 1536K, reserved 1048576K
Event: 53.335 GC heap after
Heap after GC invocations=8 (full 0):
 PSYoungGen      total 54272K, used 29184K [0x00000000d6780000, 0x00000000dca80000, 0x0000000100000000)
  eden space 25088K, 0% used [0x00000000d6780000,0x00000000d6780000,0x00000000d8000000)
  from space 29184K, 100% used [0x00000000da280000,0x00000000dbf00000,0x00000000dbf00000)
  to   space 35328K, 0% used [0x00000000d8000000,0x00000000d8000000,0x00000000da280000)
 ParOldGen       total 86016K, used 72495K [0x0000000083600000, 0x0000000088a00000, 0x00000000d6780000)
  object space 86016K, 84% used [0x0000000083600000,0x0000000087ccbde0,0x0000000088a00000)
 Metaspace       used 11669K, capacity 11942K, committed 12032K, reserved 1060864K
  class space    used 1383K, capacity 1479K, committed 1536K, reserved 1048576K
}
Event: 53.335 GC heap before
{Heap before GC invocations=9 (full 1):
 PSYoungGen      total 54272K, used 29184K [0x00000000d6780000, 0x00000000dca80000, 0x0000000100000000)
  eden space 25088K, 0% used [0x00000000d6780000,0x00000000d6780000,0x00000000d8000000)
  from space 29184K, 100% used [0x00000000da280000,0x00000000dbf00000,0x00000000dbf00000)
  to   space 35328K, 0% used [0x00000000d8000000,0x00000000d8000000,0x00000000da280000)
 ParOldGen       total 86016K, used 72495K [0x0000000083600000, 0x0000000088a00000, 0x00000000d6780000)
  object space 86016K, 84% used [0x0000000083600000,0x0000000087ccbde0,0x0000000088a00000)
 Metaspace       used 11669K, capacity 11942K, committed 12032K, reserved 1060864K
  class space    used 1383K, capacity 1479K, committed 1536K, reserved 1048576K
Event: 53.984 GC heap after
Heap after GC invocations=9 (full 1):
 PSYoungGen      total 54272K, used 14808K [0x00000000d6780000, 0x00000000dca80000, 0x0000000100000000)
  eden space 25088K, 0% used [0x00000000d6780000,0x00000000d6780000,0x00000000d8000000)
  from space 29184K, 50% used [0x00000000da280000,0x00000000db0f6158,0x00000000dbf00000)
  to   space 35328K, 0% used [0x00000000d8000000,0x00000000d8000000,0x00000000da280000)
 ParOldGen       total 86016K, used 85976K [0x0000000083600000, 0x0000000088a00000, 0x00000000d6780000)
  object space 86016K, 99% used [0x0000000083600000,0x00000000889f62a0,0x0000000088a00000)
 Metaspace       used 11669K, capacity 11942K, committed 12032K, reserved 1060864K
  class space    used 1383K, capacity 1479K, committed 1536K, reserved 1048576K
}

